>>> [OpenMP] Phase 1: Generating Runs (Threads: 4, K = 8 ,Budget: 1024MB)
=== OpenMP Run Generation ===
Total RAM budget: 1024 MB
Effective data budget: 409.6 MB (accounting for sort overhead)
Threads: 4

[Run   0] Read: 0.758s | [1;32mSort: 0.213s[0m | Write: 4.221s | Size: 346.557 MB | Records: 2754372
[Run   1] Read: 0.496s | [1;32mSort: 0.192s[0m | Write: 3.713s | Size: 346.587 MB | Records: 2753100
[Run   2] Read: 0.492s | [1;32mSort: 0.175s[0m | Write: 4.298s | Size: 346.606 MB | Records: 2752256
[Run   3] Read: 0.497s | [1;32mSort: 0.175s[0m | Write: 4.462s | Size: 346.592 MB | Records: 2752870
[Run   4] Read: 0.499s | [1;32mSort: 0.175s[0m | Write: 3.745s | Size: 346.599 MB | Records: 2752556
[Run   5] Read: 0.177s | [1;32mSort: 0.066s[0m | Write: 1.320s | Size: 142.736 MB | Records: 1134846

=== OpenMP Generation Stats ===
Total Time:  25.67 s
Total Read:  2.92 s (Disk I/O)
Total Sort:  0.99 s (CPU Parallel)
Total Write: 21.76 s (Disk I/O)
Throughput:  73.06 MB/s
Runs created: 6
real 25.79
user 5.50
sys 3.34
>>> [OpenMP] Phase 2: Merging (K=8, Threads=4, RAM: 1GB)
=== merge_omp configuration ===
Total RAM Budget: 1 GB
Threads (requested): 4
Threads (actual): 4
K (requested): 8
K (actual): 8
Concurrent streams: 32
Buffer per stream: 24 MB
Initial file count: 6

[R0][G0] Merged 6 files -> final_omp.dat in 24.07s (85.02 MB/s)
Round 0 complete in 24.07 s

=== Merge Complete ===
Output: omp/results_2gb_test/input_2gb_p256/final_omp.dat
real 24.12
user 1.42
sys 3.29
Verifying file: omp/results_2gb_test/input_2gb_p256/final_omp.dat
File size: 2046.19 MB
Payload max: 1048576 bytes

  Verified 1M records... (6.7%)
  Verified 2M records... (13.4%)
  Verified 3M records... (20.1%)
  Verified 4M records... (26.9%)
  Verified 5M records... (33.6%)
  Verified 6M records... (40.3%)
  Verified 7M records... (47.0%)
  Verified 8M records... (53.7%)
  Verified 9M records... (60.4%)
  Verified 10M records... (67.1%)
  Verified 11M records... (73.8%)
  Verified 12M records... (80.5%)
  Verified 13M records... (87.3%)
  Verified 14M records... (94.0%)

=== VERIFICATION SUCCESSFUL ===
✓ File is properly sorted
✓ Total records: 14900000
✓ All record formats valid
✓ No truncation detected
✓ Total bytes: 2145589459 (2046.2 MB)
