=== [FF] (cpu) ===
JobID: 486385  Host: node03  Date: Sat Jan  3 03:21:17 PM CET 2026
N=10000000 PAYLOAD=16 MEM=64
Workers: 2 4 16
Dataset: /home/s.khairy/project/mergesort/ff/../datasets/data_N10000000_P16.bin
-------------------------
[Setup] Compiling...
[Setup] Reusing existing dataset.
-rw-r--r-- 1 s.khairy s.khairy 229M Jan  2 23:46 /home/s.khairy/project/mergesort/ff/../datasets/data_N10000000_P16.bin
[Run] Starting...
--- FF workers=2 ---

Detailed FastFlow Results:
Workers:         2
Runs:            4
Read Time:       0.339875s
Sort Work(sum):  1.99363s
Write Work(sum): 1.21901s
NOTE: Work(sum) is NOT wall time (workers overlap)
Phase1 Wall:     1.93492s
Merge Time:      0.553618s
Total Wall Time: 2.48939s
--- [Verification] Checking output.bin ---
[Verify] SUCCESS: 10000000 records sorted correctly.
--- FF workers=4 ---

Detailed FastFlow Results:
Workers:         4
Runs:            4
Read Time:       0.191849s
Sort Work(sum):  2.16479s
Write Work(sum): 1.27154s
NOTE: Work(sum) is NOT wall time (workers overlap)
Phase1 Wall:     1.22235s
Merge Time:      0.551582s
Total Wall Time: 1.77458s
--- [Verification] Checking output.bin ---
[Verify] SUCCESS: 10000000 records sorted correctly.
--- FF workers=16 ---

Detailed FastFlow Results:
Workers:         16
Runs:            4
Read Time:       0.24189s
Sort Work(sum):  2.34827s
Write Work(sum): 1.27686s
NOTE: Work(sum) is NOT wall time (workers overlap)
Phase1 Wall:     1.30646s
Merge Time:      0.556958s
Total Wall Time: 1.8641s
--- [Verification] Checking output.bin ---
[Verify] SUCCESS: 10000000 records sorted correctly.
DONE.
[Cleanup] Removed /scratch/s.khairy/ff_cpu_job486385
