=== [FF] (cpu) ===
JobID: 486394  Host: node06  Date: Sat Jan  3 03:26:06 PM CET 2026
N=20000000 PAYLOAD=16 MEM=64
Workers: 2 4 16
Dataset: /home/s.khairy/project/mergesort/ff/../datasets/data_N20000000_P16.bin
-------------------------
[Setup] Compiling...
[Setup] Reusing existing dataset.
-rw-r--r-- 1 s.khairy s.khairy 458M Jan  3 12:58 /home/s.khairy/project/mergesort/ff/../datasets/data_N20000000_P16.bin
[Run] Starting...
--- FF workers=2 ---

Detailed FastFlow Results:
Workers:         2
Runs:            8
Read Time:       0.736396s
Sort Work(sum):  3.99984s
Write Work(sum): 2.48075s
NOTE: Work(sum) is NOT wall time (workers overlap)
Phase1 Wall:     3.76867s
Merge Time:      1.25545s
Total Wall Time: 5.02497s
--- [Verification] Checking output.bin ---
[Verify] SUCCESS: 20000000 records sorted correctly.
--- FF workers=4 ---

Detailed FastFlow Results:
Workers:         4
Runs:            8
Read Time:       0.418701s
Sort Work(sum):  4.3729s
Write Work(sum): 2.58942s
NOTE: Work(sum) is NOT wall time (workers overlap)
Phase1 Wall:     2.20408s
Merge Time:      1.24102s
Total Wall Time: 3.44573s
--- [Verification] Checking output.bin ---
[Verify] SUCCESS: 20000000 records sorted correctly.
--- FF workers=16 ---

Detailed FastFlow Results:
Workers:         16
Runs:            8
Read Time:       0.553497s
Sort Work(sum):  5.43603s
Write Work(sum): 2.73017s
NOTE: Work(sum) is NOT wall time (workers overlap)
Phase1 Wall:     1.90737s
Merge Time:      1.25335s
Total Wall Time: 3.16137s
--- [Verification] Checking output.bin ---
[Verify] SUCCESS: 20000000 records sorted correctly.
DONE.
[Cleanup] Removed /scratch/s.khairy/ff_cpu_job486394
