=== [FF] (cpu) ===
JobID: 486563  Host: node06  Date: Sat Jan  3 09:16:08 PM CET 2026
N=20000000 PAYLOAD=16 MEM=256
Workers: 16
Dataset: /home/s.khairy/project/mergesort/ff/../datasets/data_N20000000_P16.bin
-------------------------
[Setup] Compiling...
[Setup] Reusing existing dataset.
-rw-r--r-- 1 s.khairy s.khairy 458M Jan  3 12:58 /home/s.khairy/project/mergesort/ff/../datasets/data_N20000000_P16.bin
[Run] Starting...
--- FF workers=16 ---

Detailed FastFlow Results:
Workers:         16
Runs:            4
Read Time:       1.10957s
Sort Work(sum):  5.57258s
Write Work(sum): 2.62828s
NOTE: Work(sum) is NOT wall time (workers overlap)
Phase1 Wall:     3.50843s
Merge Time:      1.12793s
Total Wall Time: 4.63731s
--- [Verification] Checking output.bin ---
[Verify] SUCCESS: 20000000 records sorted correctly.
DONE.
[Cleanup] Removed /scratch/s.khairy/ff_cpu_job486563
