=== [FF] (io) ===
JobID: 486403  Host: node05  Date: Sat Jan  3 03:31:54 PM CET 2026
N=30000000 PAYLOAD=128 MEM=256
Workers: 2 4 16
Dataset: /home/s.khairy/project/mergesort/ff/../datasets/data_N30000000_P128.bin
-------------------------
[Setup] Compiling...
[Setup] Reusing existing dataset.
-rw-r--r-- 1 s.khairy s.khairy 2.3G Jan  3 13:31 /home/s.khairy/project/mergesort/ff/../datasets/data_N30000000_P128.bin
[Run] Starting...
--- FF workers=2 ---

Detailed FastFlow Results:
Workers:         2
Runs:            18
Read Time:       3.96073s
Sort Work(sum):  7.42957s
Write Work(sum): 5.40621s
NOTE: Work(sum) is NOT wall time (workers overlap)
Phase1 Wall:     6.96932s
Merge Time:      3.71278s
Total Wall Time: 10.683s
--- [Verification] Checking output.bin ---
[Verify] SUCCESS: 30000000 records sorted correctly.
--- FF workers=4 ---

Detailed FastFlow Results:
Workers:         4
Runs:            18
Read Time:       1.78037s
Sort Work(sum):  7.90982s
Write Work(sum): 5.64167s
NOTE: Work(sum) is NOT wall time (workers overlap)
Phase1 Wall:     3.89676s
Merge Time:      3.69637s
Total Wall Time: 7.59376s
--- [Verification] Checking output.bin ---
[Verify] SUCCESS: 30000000 records sorted correctly.
--- FF workers=16 ---

Detailed FastFlow Results:
Workers:         16
Runs:            18
Read Time:       2.06019s
Sort Work(sum):  11.1321s
Write Work(sum): 7.47948s
NOTE: Work(sum) is NOT wall time (workers overlap)
Phase1 Wall:     3.34687s
Merge Time:      3.70524s
Total Wall Time: 7.0528s
--- [Verification] Checking output.bin ---
[Verify] SUCCESS: 30000000 records sorted correctly.
DONE.
[Cleanup] Removed /scratch/s.khairy/ff_io_job486403
