=== [FF] (io) ===
JobID: 486562  Host: node05  Date: Sat Jan  3 09:16:06 PM CET 2026
N=20000000 PAYLOAD=128 MEM=256
Workers: 16
Dataset: /home/s.khairy/project/mergesort/ff/../datasets/data_N20000000_P128.bin
-------------------------
[Setup] Compiling...
[Setup] Reusing existing dataset.
-rw-r--r-- 1 s.khairy s.khairy 1.5G Jan  3 12:58 /home/s.khairy/project/mergesort/ff/../datasets/data_N20000000_P128.bin
[Run] Starting...
--- FF workers=16 ---

Detailed FastFlow Results:
Workers:         16
Runs:            12
Read Time:       3.6086s
Sort Work(sum):  6.70567s
Write Work(sum): 4.60467s
NOTE: Work(sum) is NOT wall time (workers overlap)
Phase1 Wall:     4.83372s
Merge Time:      2.46466s
Total Wall Time: 7.29935s
--- [Verification] Checking output.bin ---
[Verify] SUCCESS: 20000000 records sorted correctly.
DONE.
[Cleanup] Removed /scratch/s.khairy/ff_io_job486562
