=== [FF] (io) ===
JobID: 486384  Host: node02  Date: Sat Jan  3 03:21:14 PM CET 2026
N=10000000 PAYLOAD=128 MEM=256
Workers: 2 4 16
Dataset: /home/s.khairy/project/mergesort/ff/../datasets/data_N10000000_P128.bin
-------------------------
[Setup] Compiling...
[Setup] Reusing existing dataset.
-rw-r--r-- 1 s.khairy s.khairy 763M Jan  3 12:14 /home/s.khairy/project/mergesort/ff/../datasets/data_N10000000_P128.bin
[Run] Starting...
--- FF workers=2 ---

Detailed FastFlow Results:
Workers:         2
Runs:            6
Read Time:       1.06406s
Sort Work(sum):  2.45375s
Write Work(sum): 2.43402s
NOTE: Work(sum) is NOT wall time (workers overlap)
Phase1 Wall:     2.82536s
Merge Time:      1.54274s
Total Wall Time: 4.36902s
--- [Verification] Checking output.bin ---
[Verify] SUCCESS: 10000000 records sorted correctly.
--- FF workers=4 ---

Detailed FastFlow Results:
Workers:         4
Runs:            6
Read Time:       0.57726s
Sort Work(sum):  2.59138s
Write Work(sum): 2.45247s
NOTE: Work(sum) is NOT wall time (workers overlap)
Phase1 Wall:     1.88077s
Merge Time:      1.53104s
Total Wall Time: 3.41248s
--- [Verification] Checking output.bin ---
[Verify] SUCCESS: 10000000 records sorted correctly.
--- FF workers=16 ---

Detailed FastFlow Results:
Workers:         16
Runs:            6
Read Time:       0.718806s
Sort Work(sum):  3.11694s
Write Work(sum): 2.59504s
NOTE: Work(sum) is NOT wall time (workers overlap)
Phase1 Wall:     1.73173s
Merge Time:      1.52887s
Total Wall Time: 3.26125s
--- [Verification] Checking output.bin ---
[Verify] SUCCESS: 10000000 records sorted correctly.
DONE.
[Cleanup] Removed /scratch/s.khairy/ff_io_job486384
