=== [SEQ] (io) ===
JobID: 486430  Host: node01  Date: Sat Jan  3 03:40:43 PM CET 2026
N=30000000 PAYLOAD=128 MEM=256
Dataset: /home/s.khairy/project/mergesort/seq/../datasets/data_N30000000_P128.bin
-------------------------
[Setup] Compiling...
[Setup] Reusing existing dataset.
-rw-r--r-- 1 s.khairy s.khairy 2.3G Jan  3 13:31 /home/s.khairy/project/mergesort/seq/../datasets/data_N30000000_P128.bin
[Run] Starting...

Detailed Sequential Results:
Read Time:       2.86403s
Runs:            9
Mem budget:      256 MB
Sort Time:       8.03126s
Write Time:      6.53351s
Merge Time:      4.652s
Total Wall Time: 22.4458s
--- [Verification] Checking output.bin ---
[Verify] SUCCESS: 30000000 records sorted correctly.
DONE.
[Cleanup] Removed /scratch/s.khairy/seq_io_job486430
