=== [SEQ] (io) ===
JobID: 486560  Host: node03  Date: Sat Jan  3 09:15:51 PM CET 2026
N=20000000 PAYLOAD=128 MEM=256
Dataset: /home/s.khairy/project/mergesort/seq/../datasets/data_N20000000_P128.bin
-------------------------
[Setup] Compiling...
[Setup] Reusing existing dataset.
-rw-r--r-- 1 s.khairy s.khairy 1.5G Jan  3 12:58 /home/s.khairy/project/mergesort/seq/../datasets/data_N20000000_P128.bin
[Run] Starting...

Detailed Sequential Results:
Read Time:       1.68902s
Runs:            6
Mem budget:      256 MB
Sort Time:       5.32353s
Write Time:      3.34573s
Merge Time:      2.30784s
Total Wall Time: 12.9138s
--- [Verification] Checking output.bin ---
[Verify] SUCCESS: 20000000 records sorted correctly.
DONE.
[Cleanup] Removed /scratch/s.khairy/seq_io_job486560
