=== [SEQ] (io) ===
JobID: 486389  Host: node01  Date: Sat Jan  3 03:25:39 PM CET 2026
N=20000000 PAYLOAD=128 MEM=256
Dataset: /home/s.khairy/project/mergesort/seq/../datasets/data_N20000000_P128.bin
-------------------------
[Setup] Compiling...
[Setup] Reusing existing dataset.
-rw-r--r-- 1 s.khairy s.khairy 1.5G Jan  3 12:58 /home/s.khairy/project/mergesort/seq/../datasets/data_N20000000_P128.bin
[Run] Starting...

Detailed Sequential Results:
Read Time:       1.82574s
Runs:            6
Mem budget:      256 MB
Sort Time:       5.318s
Write Time:      4.30815s
Merge Time:      3.16071s
Total Wall Time: 14.8596s
--- [Verification] Checking output.bin ---
[Verify] SUCCESS: 20000000 records sorted correctly.
DONE.
[Cleanup] Removed /scratch/s.khairy/seq_io_job486389
