=== [OMP] (io) ===
JobID: 486401  Host: node01  Date: Sat Jan  3 03:31:47 PM CET 2026
N=30000000 PAYLOAD=128 MEM=256 CUTOFF=32768
Threads: 2 4 16
Dataset: /home/s.khairy/project/mergesort/omp/../datasets/data_N30000000_P128.bin
-------------------------
[Setup] Compiling...
[Setup] Reusing existing dataset.
-rw-r--r-- 1 s.khairy s.khairy 2.3G Jan  3 13:31 /home/s.khairy/project/mergesort/omp/../datasets/data_N30000000_P128.bin
[Run] Starting...
--- OMP_NUM_THREADS=2 ---

Detailed OpenMP Results:
Threads:         2
Runs:            9
Mem budget:      256 MB
Cutoff:          32768
Read Time:       2.8086s
Sort Time:       3.9852s
Write Time:      6.32119s
Merge Time:      4.69629s
Total Wall Time: 18.1787s
--- [Verification] Checking output.bin ---
[Verify] SUCCESS: 30000000 records sorted correctly.
--- OMP_NUM_THREADS=4 ---

Detailed OpenMP Results:
Threads:         4
Runs:            9
Mem budget:      256 MB
Cutoff:          32768
Read Time:       0.990142s
Sort Time:       3.27719s
Write Time:      6.3107s
Merge Time:      5.67763s
Total Wall Time: 16.623s
--- [Verification] Checking output.bin ---
[Verify] SUCCESS: 30000000 records sorted correctly.
--- OMP_NUM_THREADS=16 ---

Detailed OpenMP Results:
Threads:         16
Runs:            9
Mem budget:      256 MB
Cutoff:          32768
Read Time:       0.989478s
Sort Time:       2.36338s
Write Time:      6.25167s
Merge Time:      4.67197s
Total Wall Time: 14.6434s
--- [Verification] Checking output.bin ---
[Verify] SUCCESS: 30000000 records sorted correctly.
DONE.
[Cleanup] Removed /scratch/s.khairy/omp_io_job486401
