=== [OMP] (io) ===
JobID: 486382  Host: node04  Date: Sat Jan  3 03:21:02 PM CET 2026
N=10000000 PAYLOAD=128 MEM=256 CUTOFF=32768
Threads: 2 4 16
Dataset: /home/s.khairy/project/mergesort/omp/../datasets/data_N10000000_P128.bin
-------------------------
[Setup] Compiling...
[Setup] Reusing existing dataset.
-rw-r--r-- 1 s.khairy s.khairy 763M Jan  3 12:14 /home/s.khairy/project/mergesort/omp/../datasets/data_N10000000_P128.bin
[Run] Starting...
--- OMP_NUM_THREADS=2 ---

Detailed OpenMP Results:
Threads:         2
Runs:            3
Mem budget:      256 MB
Cutoff:          32768
Read Time:       0.936001s
Sort Time:       1.33919s
Write Time:      1.55616s
Merge Time:      1.03566s
Total Wall Time: 4.99697s
--- [Verification] Checking output.bin ---
[Verify] SUCCESS: 10000000 records sorted correctly.
--- OMP_NUM_THREADS=4 ---

Detailed OpenMP Results:
Threads:         4
Runs:            3
Mem budget:      256 MB
Cutoff:          32768
Read Time:       0.350862s
Sort Time:       1.1318s
Write Time:      1.55119s
Merge Time:      1.05528s
Total Wall Time: 4.21764s
--- [Verification] Checking output.bin ---
[Verify] SUCCESS: 10000000 records sorted correctly.
--- OMP_NUM_THREADS=16 ---

Detailed OpenMP Results:
Threads:         16
Runs:            3
Mem budget:      256 MB
Cutoff:          32768
Read Time:       0.350219s
Sort Time:       0.815148s
Write Time:      1.54528s
Merge Time:      1.03355s
Total Wall Time: 3.87233s
--- [Verification] Checking output.bin ---
[Verify] SUCCESS: 10000000 records sorted correctly.
DONE.
[Cleanup] Removed /scratch/s.khairy/omp_io_job486382
