=== [OMP] (io) ===
JobID: 486391  Host: node03  Date: Sat Jan  3 03:25:48 PM CET 2026
N=20000000 PAYLOAD=128 MEM=256 CUTOFF=32768
Threads: 2 4 16
Dataset: /home/s.khairy/project/mergesort/omp/../datasets/data_N20000000_P128.bin
-------------------------
[Setup] Compiling...
[Setup] Reusing existing dataset.
-rw-r--r-- 1 s.khairy s.khairy 1.5G Jan  3 12:58 /home/s.khairy/project/mergesort/omp/../datasets/data_N20000000_P128.bin
[Run] Starting...
--- OMP_NUM_THREADS=2 ---

Detailed OpenMP Results:
Threads:         2
Runs:            6
Mem budget:      256 MB
Cutoff:          32768
Read Time:       1.85017s
Sort Time:       2.65775s
Write Time:      3.17s
Merge Time:      2.2906s
Total Wall Time: 10.2196s
--- [Verification] Checking output.bin ---
[Verify] SUCCESS: 20000000 records sorted correctly.
--- OMP_NUM_THREADS=4 ---

Detailed OpenMP Results:
Threads:         4
Runs:            6
Mem budget:      256 MB
Cutoff:          32768
Read Time:       0.6736s
Sort Time:       2.17565s
Write Time:      3.16822s
Merge Time:      2.28112s
Total Wall Time: 8.54948s
--- [Verification] Checking output.bin ---
[Verify] SUCCESS: 20000000 records sorted correctly.
--- OMP_NUM_THREADS=16 ---

Detailed OpenMP Results:
Threads:         16
Runs:            6
Mem budget:      256 MB
Cutoff:          32768
Read Time:       0.666619s
Sort Time:       1.60389s
Write Time:      3.14897s
Merge Time:      2.2826s
Total Wall Time: 7.95061s
--- [Verification] Checking output.bin ---
[Verify] SUCCESS: 20000000 records sorted correctly.
DONE.
[Cleanup] Removed /scratch/s.khairy/omp_io_job486391
